{"numTotalTestSuites":29,"numPassedTestSuites":29,"numFailedTestSuites":0,"numPendingTestSuites":0,"numTotalTests":51,"numPassedTests":51,"numFailedTests":0,"numPendingTests":0,"numTodoTests":0,"snapshot":{"added":0,"failure":false,"filesAdded":0,"filesRemoved":0,"filesRemovedList":[],"filesUnmatched":0,"filesUpdated":0,"matched":0,"total":0,"unchecked":0,"uncheckedKeysByFile":[],"unmatched":0,"updated":0,"didUpdate":false},"startTime":1780329872176,"success":true,"testResults":[{"assertionResults":[{"ancestorTitles":["payment utilities"],"fullName":"payment utilities calculates change without returning negative values","status":"passed","title":"calculates change without returning negative values","duration":1.7052989999999681,"failureMessages":[],"meta":{},"tags":[]},{"ancestorTitles":["payment utilities"],"fullName":"payment utilities validates cash payments only when received amount covers total","status":"passed","title":"validates cash payments only when received amount covers total","duration":0.2953690000000506,"failureMessages":[],"meta":{},"tags":[]},{"ancestorTitles":["payment utilities"],"fullName":"payment utilities validates card payments only with 4 numeric digits","status":"passed","title":"validates card payments only with 4 numeric digits","duration":0.25436100000001716,"failureMessages":[],"meta":{},"tags":[]}],"startTime":1780329875006,"endTime":1780329875008.2954,"status":"passed","message":"","name":"/home/dev_eduardo/Descargas/pos-frontend-con-react/src/lib/payment.test.ts"},{"assertionResults":[{"ancestorTitles":["authStore"],"fullName":"authStore login con credenciales validas establece sesion autenticada","status":"passed","title":"login con credenciales validas establece sesion autenticada","duration":2.3457349999999906,"failureMessages":[],"meta":{},"tags":[]},{"ancestorTitles":["authStore"],"fullName":"authStore login con credenciales invalidas establece error y sesion no autenticada","status":"passed","title":"login con credenciales invalidas establece error y sesion no autenticada","duration":2.049158999999918,"failureMessages":[],"meta":{},"tags":[]},{"ancestorTitles":["authStore"],"fullName":"authStore logout limpia estado de sesion y localStorage","status":"passed","title":"logout limpia estado de sesion y localStorage","duration":0.56097299999999,"failureMessages":[],"meta":{},"tags":[]}],"startTime":1780329875009,"endTime":1780329875013.561,"status":"passed","message":"","name":"/home/dev_eduardo/Descargas/pos-frontend-con-react/src/store/authStore.test.ts"},{"assertionResults":[{"ancestorTitles":["Propiedad checkAuth: sesion persistente"],"fullName":"Propiedad checkAuth: sesion persistente para cualquier token vigente en localStorage restaura sesion","status":"passed","title":"para cualquier token vigente en localStorage restaura sesion","duration":13.558067000000165,"failureMessages":[],"meta":{},"tags":[]},{"ancestorTitles":["Propiedad checkAuth: sesion persistente"],"fullName":"Propiedad checkAuth: sesion persistente para cualquier token expirado limpia la sesion","status":"passed","title":"para cualquier token expirado limpia la sesion","duration":2.8430100000000493,"failureMessages":[],"meta":{},"tags":[]}],"startTime":1780329873986,"endTime":1780329874001.843,"status":"passed","message":"","name":"/home/dev_eduardo/Descargas/pos-frontend-con-react/src/store/checkAuth.property.test.ts"},{"assertionResults":[{"ancestorTitles":["usePOSStore pricing"],"fullName":"usePOSStore pricing calculates subtotal, tax, discount and total correctly","status":"passed","title":"calculates subtotal, tax, discount and total correctly","duration":7.666099999999915,"failureMessages":[],"meta":{},"tags":[]},{"ancestorTitles":["usePOSStore pricing"],"fullName":"usePOSStore pricing clamps fixed discount so total never goes below zero","status":"passed","title":"clamps fixed discount so total never goes below zero","duration":1.704582000000073,"failureMessages":[],"meta":{},"tags":[]},{"ancestorTitles":["usePOSStore payments"],"fullName":"usePOSStore payments creates a transaction and clears the cart after payment","status":"passed","title":"creates a transaction and clears the cart after payment","duration":4.8267050000001746,"failureMessages":[],"meta":{},"tags":[]}],"startTime":1780329874106,"endTime":1780329874121.8267,"status":"passed","message":"","name":"/home/dev_eduardo/Descargas/pos-frontend-con-react/src/store/posStore.test.ts"},{"assertionResults":[{"ancestorTitles":["authService"],"fullName":"authService retorna token y usuario para credenciales validas","status":"passed","title":"retorna token y usuario para credenciales validas","duration":20.598531000000094,"failureMessages":[],"meta":{},"tags":[]},{"ancestorTitles":["authService"],"fullName":"authService lanza error para credenciales invalidas","status":"passed","title":"lanza error para credenciales invalidas","duration":6.626634999999851,"failureMessages":[],"meta":{},"tags":[]},{"ancestorTitles":["authService"],"fullName":"authService muestra error de conexion cuando falla el request mock","status":"passed","title":"muestra error de conexion cuando falla el request mock","duration":1.997427000000016,"failureMessages":[],"meta":{},"tags":[]},{"ancestorTitles":["authService"],"fullName":"authService verifyToken retorna false para token expirado","status":"passed","title":"verifyToken retorna false para token expirado","duration":4.437186999999994,"failureMessages":[],"meta":{},"tags":[]},{"ancestorTitles":["authService"],"fullName":"authService verifyToken retorna true para token vigente","status":"passed","title":"verifyToken retorna true para token vigente","duration":0.7763039999999819,"failureMessages":[],"meta":{},"tags":[]}],"startTime":1780329874030,"endTime":1780329874064.7764,"status":"passed","message":"","name":"/home/dev_eduardo/Descargas/pos-frontend-con-react/src/services/authService.test.ts"},{"assertionResults":[{"ancestorTitles":["httpInterceptor"],"fullName":"httpInterceptor captura fetch exitoso y agrega log con status y duration","status":"passed","title":"captura fetch exitoso y agrega log con status y duration","duration":27.87102600000003,"failureMessages":[],"meta":{},"tags":[]},{"ancestorTitles":["httpInterceptor"],"fullName":"httpInterceptor captura error de red y agrega log con campo error","status":"passed","title":"captura error de red y agrega log con campo error","duration":5.371088999999984,"failureMessages":[],"meta":{},"tags":[]}],"startTime":1780329873963,"endTime":1780329873996.371,"status":"passed","message":"","name":"/home/dev_eduardo/Descargas/pos-frontend-con-react/src/services/httpInterceptor.test.ts"},{"assertionResults":[{"ancestorTitles":["Propiedad requestLogger: captura de requests"],"fullName":"Propiedad requestLogger: captura de requests addLog incrementa logs en 1 hasta maximo 100","status":"passed","title":"addLog incrementa logs en 1 hasta maximo 100","duration":20.483957000000146,"failureMessages":[],"meta":{},"tags":[]},{"ancestorTitles":["Propiedad requestLogger: captura de requests"],"fullName":"Propiedad requestLogger: captura de requests clearLogs vacia el array","status":"passed","title":"clearLogs vacia el array","duration":1.254077000000052,"failureMessages":[],"meta":{},"tags":[]},{"ancestorTitles":["Propiedad requestLogger: captura de requests"],"fullName":"Propiedad requestLogger: captura de requests getFilteredLogs filtra por metodo y URL","status":"passed","title":"getFilteredLogs filtra por metodo y URL","duration":0.5655890000000454,"failureMessages":[],"meta":{},"tags":[]}],"startTime":1780329874044,"endTime":1780329874066.5657,"status":"passed","message":"","name":"/home/dev_eduardo/Descargas/pos-frontend-con-react/src/services/requestLogger.property.test.ts"},{"assertionResults":[{"ancestorTitles":["Atoms"],"fullName":"Atoms renderiza Button con cada variante","status":"passed","title":"renderiza Button con cada variante","duration":221.046155,"failureMessages":[],"meta":{},"tags":[]},{"ancestorTitles":["Atoms"],"fullName":"Atoms Input muestra estado de error","status":"passed","title":"Input muestra estado de error","duration":25.20850900000005,"failureMessages":[],"meta":{},"tags":[]},{"ancestorTitles":["Atoms"],"fullName":"Atoms Label muestra indicador de requerido","status":"passed","title":"Label muestra indicador de requerido","duration":11.276225999999951,"failureMessages":[],"meta":{},"tags":[]}],"startTime":1780329874155,"endTime":1780329874413.2761,"status":"passed","message":"","name":"/home/dev_eduardo/Descargas/pos-frontend-con-react/src/components/atoms/atoms.test.tsx"},{"assertionResults":[{"ancestorTitles":["Propiedad ProtectedRoute: proteccion de rutas"],"fullName":"Propiedad ProtectedRoute: proteccion de rutas usuario no autenticado en ruta protegida se redirige a /login","status":"passed","title":"usuario no autenticado en ruta protegida se redirige a /login","duration":84.6009160000001,"failureMessages":[],"meta":{},"tags":[]},{"ancestorTitles":["Propiedad ProtectedRoute: proteccion de rutas"],"fullName":"Propiedad ProtectedRoute: proteccion de rutas usuario autenticado puede acceder a ruta protegida","status":"passed","title":"usuario autenticado puede acceder a ruta protegida","duration":8.338466000000153,"failureMessages":[],"meta":{},"tags":[]},{"ancestorTitles":["Propiedad ProtectedRoute: proteccion de rutas"],"fullName":"Propiedad ProtectedRoute: proteccion de rutas usuario autenticado en /login es redirigido a /pos","status":"passed","title":"usuario autenticado en /login es redirigido a /pos","duration":10.187288999999964,"failureMessages":[],"meta":{},"tags":[]},{"ancestorTitles":["Propiedad ProtectedRoute: proteccion de rutas"],"fullName":"Propiedad ProtectedRoute: proteccion de rutas usuario autenticado sin rol requerido es redirigido a /unauthorized","status":"passed","title":"usuario autenticado sin rol requerido es redirigido a /unauthorized","duration":8.162303000000065,"failureMessages":[],"meta":{},"tags":[]}],"startTime":1780329874183,"endTime":1780329874294.1624,"status":"passed","message":"","name":"/home/dev_eduardo/Descargas/pos-frontend-con-react/src/components/auth/protectedRoute.property.test.tsx"},{"assertionResults":[{"ancestorTitles":["DevToolsPanel"],"fullName":"DevToolsPanel no renderiza el boton flotante cuando DEV es false","status":"passed","title":"no renderiza el boton flotante cuando DEV es false","duration":47.36609599999974,"failureMessages":[],"meta":{},"tags":[]},{"ancestorTitles":["DevToolsPanel"],"fullName":"DevToolsPanel abre el panel al hacer click en el boton flotante","status":"passed","title":"abre el panel al hacer click en el boton flotante","duration":238.9382099999998,"failureMessages":[],"meta":{},"tags":[]},{"ancestorTitles":["DevToolsPanel"],"fullName":"DevToolsPanel el boton limpiar llama requestLogger.clearLogs()","status":"passed","title":"el boton limpiar llama requestLogger.clearLogs()","duration":34.864306999999826,"failureMessages":[],"meta":{},"tags":[]}],"startTime":1780329874260,"endTime":1780329874580.8643,"status":"passed","message":"","name":"/home/dev_eduardo/Descargas/pos-frontend-con-react/src/components/devtools/DevToolsPanel.test.tsx"},{"assertionResults":[{"ancestorTitles":["SearchBar"],"fullName":"SearchBar llama onChange al escribir en el input","status":"passed","title":"llama onChange al escribir en el input","duration":292.532545,"failureMessages":[],"meta":{},"tags":[]},{"ancestorTitles":["SearchBar"],"fullName":"SearchBar muestra el placeholder por defecto cuando no se provee","status":"passed","title":"muestra el placeholder por defecto cuando no se provee","duration":13.321867999999995,"failureMessages":[],"meta":{},"tags":[]},{"ancestorTitles":["SearchBar"],"fullName":"SearchBar refleja el valor actual en el input","status":"passed","title":"refleja el valor actual en el input","duration":10.889768000000004,"failureMessages":[],"meta":{},"tags":[]},{"ancestorTitles":["FormField"],"fullName":"FormField muestra el mensaje de error cuando se provee la prop error","status":"passed","title":"muestra el mensaje de error cuando se provee la prop error","duration":6.434792000000016,"failureMessages":[],"meta":{},"tags":[]},{"ancestorTitles":["FormField"],"fullName":"FormField no muestra mensaje de error cuando no se provee la prop error","status":"passed","title":"no muestra mensaje de error cuando no se provee la prop error","duration":4.275430000000142,"failureMessages":[],"meta":{},"tags":[]},{"ancestorTitles":["FormField"],"fullName":"FormField muestra el label correctamente","status":"passed","title":"muestra el label correctamente","duration":4.946584999999686,"failureMessages":[],"meta":{},"tags":[]},{"ancestorTitles":["FormField"],"fullName":"FormField muestra el asterisco de requerido cuando required es true","status":"passed","title":"muestra el asterisco de requerido cuando required es true","duration":3.7421690000001036,"failureMessages":[],"meta":{},"tags":[]},{"ancestorTitles":["PriceDisplay"],"fullName":"PriceDisplay formatea el monto en pesos colombianos (COP)","status":"passed","title":"formatea el monto en pesos colombianos (COP)","duration":2.738252999999986,"failureMessages":[],"meta":{},"tags":[]},{"ancestorTitles":["PriceDisplay"],"fullName":"PriceDisplay muestra el label cuando se provee","status":"passed","title":"muestra el label cuando se provee","duration":3.8429519999999684,"failureMessages":[],"meta":{},"tags":[]},{"ancestorTitles":["PriceDisplay"],"fullName":"PriceDisplay no muestra label cuando no se provee","status":"passed","title":"no muestra label cuando no se provee","duration":2.083560000000034,"failureMessages":[],"meta":{},"tags":[]},{"ancestorTitles":["PriceDisplay"],"fullName":"PriceDisplay formatea correctamente montos de cero","status":"passed","title":"formatea correctamente montos de cero","duration":2.1446560000003956,"failureMessages":[],"meta":{},"tags":[]}],"startTime":1780329874325,"endTime":1780329874673.1448,"status":"passed","message":"","name":"/home/dev_eduardo/Descargas/pos-frontend-con-react/src/components/molecules/molecules.test.tsx"},{"assertionResults":[{"ancestorTitles":["Templates and Pages"],"fullName":"Templates and Pages MainLayout renderiza Header y children","status":"passed","title":"MainLayout renderiza Header y children","duration":48.20249100000001,"failureMessages":[],"meta":{},"tags":[]},{"ancestorTitles":["Templates and Pages"],"fullName":"Templates and Pages AuthLayout renderiza children centrado","status":"passed","title":"AuthLayout renderiza children centrado","duration":107.36927500000024,"failureMessages":[],"meta":{},"tags":[]},{"ancestorTitles":["Templates and Pages"],"fullName":"Templates and Pages LoginPage muestra campos de usuario y contraseña","status":"passed","title":"LoginPage muestra campos de usuario y contraseña","duration":167.77090799999996,"failureMessages":[],"meta":{},"tags":[]}],"startTime":1780329874163,"endTime":1780329874485.771,"status":"passed","message":"","name":"/home/dev_eduardo/Descargas/pos-frontend-con-react/src/components/templates/templates-pages.test.tsx"},{"assertionResults":[{"ancestorTitles":["salesRepository"],"fullName":"salesRepository sends only productoId, cantidad and medioPago in the payload","status":"passed","title":"sends only productoId, cantidad and medioPago in the payload","duration":4.966239999999971,"failureMessages":[],"meta":{},"tags":[]},{"ancestorTitles":["salesRepository"],"fullName":"salesRepository returns SaleResponse on 200","status":"passed","title":"returns SaleResponse on 200","duration":0.6518200000000434,"failureMessages":[],"meta":{},"tags":[]},{"ancestorTitles":["salesRepository"],"fullName":"salesRepository throws error with backend message on 400","status":"passed","title":"throws error with backend message on 400","duration":1.5751010000001315,"failureMessages":[],"meta":{},"tags":[]},{"ancestorTitles":["salesRepository"],"fullName":"salesRepository throws default message on 400 without message field","status":"passed","title":"throws default message on 400 without message field","duration":0.8281839999999647,"failureMessages":[],"meta":{},"tags":[]},{"ancestorTitles":["salesRepository"],"fullName":"salesRepository throws server error message on 500","status":"passed","title":"throws server error message on 500","duration":0.8470250000000306,"failureMessages":[],"meta":{},"tags":[]},{"ancestorTitles":["salesRepository"],"fullName":"salesRepository throws invalid response error on 200 with empty body","status":"passed","title":"throws invalid response error on 200 with empty body","duration":0.866704000000027,"failureMessages":[],"meta":{},"tags":[]}],"startTime":1780329874064,"endTime":1780329874074.8667,"status":"passed","message":"","name":"/home/dev_eduardo/Descargas/pos-frontend-con-react/src/infrastructure/sales/salesRepository.test.ts"}]}